=== Starting Benchmark ===
Step 1: Downloading dataset...
Facebook dataset already exists, skipping download.
Books dataset already exists, skipping download.
osm_cellids dataset already exists, skipping download.
Step 2: Creating minimal CMakeLists.txt...
Original CMakeLists.txt already backed up.
Creating minimal CMakeLists.txt...
Minimal CMakeLists.txt created!
Step 3: Generating lookup workloads...
-- Configuring done (0.3s)
-- Generating done (0.5s)
-- Build files have been written to: /scratch/gpfs/KOROLOVA/bt4811/cos_568_prj/COS568-LI-SP26/build
[ 18%] Built target dtl
[ 36%] Built target generate
[ 54%] Building CXX object CMakeFiles/benchmark.dir/benchmarks/benchmark_dynamic_pgm.cc.o
[ 54%] Building CXX object CMakeFiles/benchmark.dir/benchmarks/benchmark_pgm.cc.o
[ 63%] Building CXX object CMakeFiles/benchmark.dir/benchmarks/benchmark_btree.cc.o
[ 72%] Linking CXX executable benchmark
[100%] Built target benchmark
Generating operations for fb_100M_public_uint64
read 100000000 values from ../data/fb_100M_public_uint64 in 1717 ms (58.2411 M values/s)
Thread's operation count: 2000000
Negative lookup ratio: 0.499976
Range query ratio: 0
Insert ratio: 0
wrote 2000000 values to ../data/fb_100M_public_uint64_ops_2M_0.000000rq_0.500000nl_0.000000i in 52 ms (38.4615 M values/s)
read 100000000 values from ../data/fb_100M_public_uint64 in 1733 ms (57.7034 M values/s)
Thread's operation count: 2000000
Negative lookup ratio: 0.500136
Range query ratio: 0
Insert ratio: 0.5
wrote 99000000 values to ../data/fb_100M_public_uint64_ops_2M_0.000000rq_0.500000nl_0.500000i_0m_bulkload in 2040 ms (48.5294 M values/s)
wrote 2000000 values to ../data/fb_100M_public_uint64_ops_2M_0.000000rq_0.500000nl_0.500000i_0m in 16 ms (125 M values/s)
read 100000000 values from ../data/fb_100M_public_uint64 in 1455 ms (68.7285 M values/s)
Thread's operation count: 2000000
Negative lookup ratio: 0.500095
Range query ratio: 0
Insert ratio: 0.9
wrote 98200000 values to ../data/fb_100M_public_uint64_ops_2M_0.000000rq_0.500000nl_0.900000i_0m_mix_bulkload in 2433 ms (40.3617 M values/s)
wrote 2000000 values to ../data/fb_100M_public_uint64_ops_2M_0.000000rq_0.500000nl_0.900000i_0m_mix in 21 ms (95.2381 M values/s)
read 100000000 values from ../data/fb_100M_public_uint64 in 1361 ms (73.4754 M values/s)
Thread's operation count: 2000000
Negative lookup ratio: 0.500159
Range query ratio: 0
Insert ratio: 0.1
wrote 99800000 values to ../data/fb_100M_public_uint64_ops_2M_0.000000rq_0.500000nl_0.100000i_0m_mix_bulkload in 1587 ms (62.8859 M values/s)
wrote 2000000 values to ../data/fb_100M_public_uint64_ops_2M_0.000000rq_0.500000nl_0.100000i_0m_mix in 17 ms (117.647 M values/s)
Generating operations for books_100M_public_uint64
read 100000000 values from ../data/books_100M_public_uint64 in 1391 ms (71.8907 M values/s)
Thread's operation count: 2000000
Negative lookup ratio: 0.50008
Range query ratio: 0
Insert ratio: 0
wrote 2000000 values to ../data/books_100M_public_uint64_ops_2M_0.000000rq_0.500000nl_0.000000i in 56 ms (35.7143 M values/s)
read 100000000 values from ../data/books_100M_public_uint64 in 1255 ms (79.6813 M values/s)
Thread's operation count: 2000000
Negative lookup ratio: 0.499972
Range query ratio: 0
Insert ratio: 0.5
wrote 99000000 values to ../data/books_100M_public_uint64_ops_2M_0.000000rq_0.500000nl_0.500000i_0m_bulkload in 1955 ms (50.6394 M values/s)
wrote 2000000 values to ../data/books_100M_public_uint64_ops_2M_0.000000rq_0.500000nl_0.500000i_0m in 68 ms (29.4118 M values/s)
read 100000000 values from ../data/books_100M_public_uint64 in 1452 ms (68.8705 M values/s)
Thread's operation count: 2000000
Negative lookup ratio: 0.50041
Range query ratio: 0
Insert ratio: 0.9
wrote 98200000 values to ../data/books_100M_public_uint64_ops_2M_0.000000rq_0.500000nl_0.900000i_0m_mix_bulkload in 2494 ms (39.3745 M values/s)
wrote 2000000 values to ../data/books_100M_public_uint64_ops_2M_0.000000rq_0.500000nl_0.900000i_0m_mix in 25 ms (80 M values/s)
read 100000000 values from ../data/books_100M_public_uint64 in 1511 ms (66.1813 M values/s)
Thread's operation count: 2000000
Negative lookup ratio: 0.499942
Range query ratio: 0
Insert ratio: 0.1
wrote 99800000 values to ../data/books_100M_public_uint64_ops_2M_0.000000rq_0.500000nl_0.100000i_0m_mix_bulkload in 1639 ms (60.8908 M values/s)
wrote 2000000 values to ../data/books_100M_public_uint64_ops_2M_0.000000rq_0.500000nl_0.100000i_0m_mix in 22 ms (90.9091 M values/s)
Generating operations for osmc_100M_public_uint64
read 100000000 values from ../data/osmc_100M_public_uint64 in 1672 ms (59.8086 M values/s)
Thread's operation count: 2000000
Negative lookup ratio: 0.50008
Range query ratio: 0
Insert ratio: 0
wrote 2000000 values to ../data/osmc_100M_public_uint64_ops_2M_0.000000rq_0.500000nl_0.000000i in 47 ms (42.5532 M values/s)
read 100000000 values from ../data/osmc_100M_public_uint64 in 1802 ms (55.4939 M values/s)
Thread's operation count: 2000000
Negative lookup ratio: 0.499972
Range query ratio: 0
Insert ratio: 0.5
wrote 99000000 values to ../data/osmc_100M_public_uint64_ops_2M_0.000000rq_0.500000nl_0.500000i_0m_bulkload in 2040 ms (48.5294 M values/s)
wrote 2000000 values to ../data/osmc_100M_public_uint64_ops_2M_0.000000rq_0.500000nl_0.500000i_0m in 32 ms (62.5 M values/s)
read 100000000 values from ../data/osmc_100M_public_uint64 in 1651 ms (60.5694 M values/s)
Thread's operation count: 2000000
Negative lookup ratio: 0.50041
Range query ratio: 0
Insert ratio: 0.9
wrote 98200000 values to ../data/osmc_100M_public_uint64_ops_2M_0.000000rq_0.500000nl_0.900000i_0m_mix_bulkload in 2637 ms (37.2393 M values/s)
wrote 2000000 values to ../data/osmc_100M_public_uint64_ops_2M_0.000000rq_0.500000nl_0.900000i_0m_mix in 32 ms (62.5 M values/s)
read 100000000 values from ../data/osmc_100M_public_uint64 in 1286 ms (77.7605 M values/s)
Thread's operation count: 2000000
Negative lookup ratio: 0.499942
Range query ratio: 0
Insert ratio: 0.1
wrote 99800000 values to ../data/osmc_100M_public_uint64_ops_2M_0.000000rq_0.500000nl_0.100000i_0m_mix_bulkload in 1606 ms (62.142 M values/s)
wrote 2000000 values to ../data/osmc_100M_public_uint64_ops_2M_0.000000rq_0.500000nl_0.100000i_0m_mix in 28 ms (71.4286 M values/s)
Step 4: Building benchmark...
Creating and entering build directory...
Configuring build...
-- Configuring done (0.1s)
-- Generating done (0.1s)
-- Build files have been written to: /scratch/gpfs/KOROLOVA/bt4811/cos_568_prj/COS568-LI-SP26/build
Building benchmark...
[ 18%] Built target dtl
[ 81%] Built target benchmark
[100%] Built target generate
Build successful! Binary created at: /scratch/gpfs/KOROLOVA/bt4811/cos_568_prj/COS568-LI-SP26/build/benchmark
Verifying that the binary contains only DynamicPGM, B+Tree implementations...
Verification successful: No unwanted index implementations found.
Minimal benchmark binary is ready for DynamicPGM, B+Tree and LIPP benchmarking!
Step 5: Running benchmarks...
Executing benchmark and saving results...
Executing operations for fb_100M_public_uint64 and index LIPP
Executing lookup-only workload
Repeating lookup code 3 time(s).
Using 1 thread(s).
read 100000000 values from ./data/fb_100M_public_uint64 in 1162 ms (86.0585 M values/s)
read 2000000 values from ./data/fb_100M_public_uint64_ops_2M_0.000000rq_0.500000nl_0.000000i in 145 ms (13.7931 M values/s)
Data is unique.
Variable rsum was: 0
RESULT: LIPP,10097465,7660837,5335485index size,12705922272Throughput: ,329.235,335.362,330.075
Executing insert+lookup workload
Repeating lookup code 3 time(s).
Using 1 thread(s).
read 100000000 values from ./data/fb_100M_public_uint64 in 988 ms (101.215 M values/s)
read 2000000 values from ./data/fb_100M_public_uint64_ops_2M_0.000000rq_0.500000nl_0.500000i_0m in 64 ms (31.25 M values/s)
read 99000000 values from ./data/fb_100M_public_uint64_ops_2M_0.000000rq_0.500000nl_0.500000i_0m_bulkload in 1975 ms (50.1266 M values/s)
Data is unique.
Variable rsum was: 0
RESULT: LIPP,9940529,7548061,5297008index size,12679095104Throughput: ,1.99051,333.255,1.76108,336.646,1.73941,334.911
Executing insert+lookup mixed workload with insert-ratio 0.9
Repeating lookup code 3 time(s).
Using 1 thread(s).
read 100000000 values from ./data/fb_100M_public_uint64 in 1206 ms (82.9187 M values/s)
read 2000000 values from ./data/fb_100M_public_uint64_ops_2M_0.000000rq_0.500000nl_0.900000i_0m_mix in 61 ms (32.7869 M values/s)
read 98200000 values from ./data/fb_100M_public_uint64_ops_2M_0.000000rq_0.500000nl_0.900000i_0m_mix_bulkload in 2294 ms (42.8073 M values/s)
Data is unique.
Variable rsum was: 0
RESULT: LIPP,9906836,7346263,5281282index size,12656662928Throughput: ,2.16607,1.93237,1.9234
Executing insert+lookup mixed workload with insert-ratio 0.1
Repeating lookup code 3 time(s).
Using 1 thread(s).
read 100000000 values from ./data/fb_100M_public_uint64 in 1039 ms (96.2464 M values/s)
read 2000000 values from ./data/fb_100M_public_uint64_ops_2M_0.000000rq_0.500000nl_0.100000i_0m_mix in 50 ms (40 M values/s)
read 99800000 values from ./data/fb_100M_public_uint64_ops_2M_0.000000rq_0.500000nl_0.100000i_0m_mix_bulkload in 1928 ms (51.7635 M values/s)
Data is unique.
Variable rsum was: 0
RESULT: LIPP,10024640,7586583,5391953index size,12700946864Throughput: ,17.5432,15.1751,15.9119
Executing operations for fb_100M_public_uint64 and index BTree
Executing lookup-only workload
Repeating lookup code 3 time(s).
Using 1 thread(s).
read 100000000 values from ./data/fb_100M_public_uint64 in 1471 ms (67.981 M values/s)
read 2000000 values from ./data/fb_100M_public_uint64_ops_2M_0.000000rq_0.500000nl_0.000000i in 81 ms (24.6914 M values/s)
Data is unique.
Variable rsum was: 0
RESULT: BTree,1856767,1859108,1849713index size,2125000432Throughput: ,1.08877,1.14269,1.12811Variant: ,LinearSearchVariant: ,6
Variable rsum was: 0
RESULT: BTree,1272536,1264319,1278850index size,1856251088Throughput: ,1.15786,1.18815,1.14503Variant: ,LinearSearchVariant: ,8
Variable rsum was: 0
RESULT: BTree,1655888,1641661,1652045index size,2125000432Throughput: ,0.969502,0.971504,0.972938Variant: ,InterpolationSearchVariant: ,6
Executing insert+lookup workload
Repeating lookup code 3 time(s).
Using 1 thread(s).
read 100000000 values from ./data/fb_100M_public_uint64 in 1093 ms (91.4913 M values/s)
read 2000000 values from ./data/fb_100M_public_uint64_ops_2M_0.000000rq_0.500000nl_0.500000i_0m in 62 ms (32.2581 M values/s)
read 99000000 values from ./data/fb_100M_public_uint64_ops_2M_0.000000rq_0.500000nl_0.500000i_0m_bulkload in 2057 ms (48.1283 M values/s)
Data is unique.
Variable rsum was: 0
RESULT: BTree,1022013,1015367,1015120index size,2441636976Throughput: ,0.492332,0.7807,0.489899,0.776143,0.495377,0.791348Variant: ,InterpolationSearchVariant: ,10
Variable rsum was: 0
RESULT: BTree,845108,843975,840394index size,3079164936Throughput: ,0.503137,0.866912,0.506227,0.859448,0.50956,0.862207Variant: ,InterpolationSearchVariant: ,12
Variable rsum was: 0
RESULT: BTree,1375821,869989,766433index size,2197517688Throughput: ,0.778862,1.03348,0.728262,0.982922,0.749992,0.98515Variant: ,LinearSearchVariant: ,8
Executing insert+lookup mixed workload with insert-ratio 0.9
Repeating lookup code 3 time(s).
Using 1 thread(s).
read 100000000 values from ./data/fb_100M_public_uint64 in 966 ms (103.52 M values/s)
read 2000000 values from ./data/fb_100M_public_uint64_ops_2M_0.000000rq_0.500000nl_0.900000i_0m_mix in 69 ms (28.9855 M values/s)
read 98200000 values from ./data/fb_100M_public_uint64_ops_2M_0.000000rq_0.500000nl_0.900000i_0m_mix_bulkload in 1718 ms (57.1595 M values/s)
Data is unique.
Variable rsum was: 0
RESULT: BTree,1463606,1479030,1474722index size,2365596448Throughput: ,0.714324,0.739516,0.736408Variant: ,LinearSearchVariant: ,8
Variable rsum was: 0
RESULT: BTree,744358,738676,741485index size,2762897224Throughput: ,0.576326,0.570295,0.583042Variant: ,InterpolationSearchVariant: ,10
Variable rsum was: 0
RESULT: BTree,1456228,1440113,1446582index size,2513462456Throughput: ,0.749464,0.76767,0.766335Variant: ,LinearSearchVariant: ,6
Executing insert+lookup mixed workload with insert-ratio 0.1
Repeating lookup code 3 time(s).
Using 1 thread(s).
read 100000000 values from ./data/fb_100M_public_uint64 in 998 ms (100.2 M values/s)
read 2000000 values from ./data/fb_100M_public_uint64_ops_2M_0.000000rq_0.500000nl_0.100000i_0m_mix in 70 ms (28.5714 M values/s)
read 99800000 values from ./data/fb_100M_public_uint64_ops_2M_0.000000rq_0.500000nl_0.100000i_0m_mix_bulkload in 1823 ms (54.7449 M values/s)
Data is unique.
Variable rsum was: 0
RESULT: BTree,1471306,1471932,1272796index size,1956120768Throughput: ,0.976894,0.994502,1.02664Variant: ,LinearSearchVariant: ,8
Variable rsum was: 0
RESULT: BTree,563583,560841,560942index size,1881906544Throughput: ,0.733392,0.747539,0.71637Variant: ,InterpolationSearchVariant: ,10
Variable rsum was: 0
RESULT: BTree,1132409,1160828,1136281index size,2197286800Throughput: ,0.939325,0.973434,0.966015Variant: ,LinearSearchVariant: ,6
Executing operations for fb_100M_public_uint64 and index DynamicPGM
Executing lookup-only workload
Repeating lookup code 3 time(s).
Using 1 thread(s).
read 100000000 values from ./data/fb_100M_public_uint64 in 1201 ms (83.2639 M values/s)
read 2000000 values from ./data/fb_100M_public_uint64_ops_2M_0.000000rq_0.500000nl_0.000000i in 97 ms (20.6186 M values/s)
Data is unique.
Variable rsum was: 0
RESULT: DynamicPGM,5331546,5305190,5281698index size,1721297388Throughput: ,1.60005,1.59628,1.61263Variant: ,LinearSearchVariant: ,16
Variable rsum was: 0
RESULT: DynamicPGM,4561499,4580701,4610923index size,1702563708Throughput: ,1.42222,1.39543,1.40199Variant: ,BinarySearchVariant: ,128
Variable rsum was: 0
RESULT: DynamicPGM,5346557,5334393,5324972index size,1721297388Throughput: ,1.62369,1.61653,1.64019Variant: ,BinarySearchVariant: ,16
Executing insert+lookup workload
Repeating lookup code 3 time(s).
Using 1 thread(s).
read 100000000 values from ./data/fb_100M_public_uint64 in 1710 ms (58.4795 M values/s)
read 2000000 values from ./data/fb_100M_public_uint64_ops_2M_0.000000rq_0.500000nl_0.500000i_0m in 69 ms (28.9855 M values/s)
read 99000000 values from ./data/fb_100M_public_uint64_ops_2M_0.000000rq_0.500000nl_0.500000i_0m_bulkload in 3014 ms (32.8467 M values/s)
Data is unique.
Variable rsum was: 0
RESULT: DynamicPGM,4152194,4119655,4128607index size,1700499248Throughput: ,6.76328,0.211745,7.20164,0.213308,7.20116,0.213048Variant: ,LinearSearchVariant: ,512
Variable rsum was: 0
RESULT: DynamicPGM,4149641,4146152,4163768index size,1700499248Throughput: ,7.19716,0.359335,7.23211,0.376571,7.21411,0.369371Variant: ,BinarySearchVariant: ,512
Variable rsum was: 0
RESULT: DynamicPGM,4386398,4378427,4353057index size,1701187028Throughput: ,7.00865,0.323018,7.30259,0.342845,7.30981,0.341814Variant: ,ExponentialSearchVariant: ,256
Executing insert+lookup mixed workload with insert-ratio 0.9
Repeating lookup code 3 time(s).
Using 1 thread(s).
read 100000000 values from ./data/fb_100M_public_uint64 in 1216 ms (82.2368 M values/s)
read 2000000 values from ./data/fb_100M_public_uint64_ops_2M_0.000000rq_0.500000nl_0.900000i_0m_mix in 68 ms (29.4118 M values/s)
read 98200000 values from ./data/fb_100M_public_uint64_ops_2M_0.000000rq_0.500000nl_0.900000i_0m_mix_bulkload in 2201 ms (44.6161 M values/s)
Data is unique.
Variable rsum was: 0
RESULT: DynamicPGM,4117826,4116627,4122690index size,1700494188Throughput: ,2.64588,2.72803,2.69625Variant: ,BinarySearchVariant: ,512
Variable rsum was: 0
RESULT: DynamicPGM,4834100,4821794,4827435index size,1705154448Throughput: ,2.88084,2.92798,2.89415Variant: ,BinarySearchVariant: ,64
Variable rsum was: 0
RESULT: DynamicPGM,4510820,4490880,4483651index size,1702518268Throughput: ,2.83095,2.85845,2.84579Variant: ,BinarySearchVariant: ,128
Executing insert+lookup mixed workload with insert-ratio 0.1
Repeating lookup code 3 time(s).
Using 1 thread(s).
read 100000000 values from ./data/fb_100M_public_uint64 in 1092 ms (91.5751 M values/s)
read 2000000 values from ./data/fb_100M_public_uint64_ops_2M_0.000000rq_0.500000nl_0.100000i_0m_mix in 57 ms (35.0877 M values/s)
read 99800000 values from ./data/fb_100M_public_uint64_ops_2M_0.000000rq_0.500000nl_0.100000i_0m_mix_bulkload in 1751 ms (56.996 M values/s)
Data is unique.
Variable rsum was: 0
RESULT: DynamicPGM,4178816,4183079,4181134index size,1700504528Throughput: ,0.776331,0.773445,0.747214Variant: ,BinarySearchVariant: ,512
Variable rsum was: 0
RESULT: DynamicPGM,4810795,4793729,4788857index size,1705226028Throughput: ,0.821632,0.841953,0.846573Variant: ,BinarySearchVariant: ,64
Variable rsum was: 0
RESULT: DynamicPGM,4568578,4580665,4581179index size,1702558388Throughput: ,0.809388,0.81454,0.817138Variant: ,BinarySearchVariant: ,128
Executing operations for books_100M_public_uint64 and index LIPP
Executing lookup-only workload
Repeating lookup code 3 time(s).
Using 1 thread(s).
read 100000000 values from ./data/books_100M_public_uint64 in 1228 ms (81.4332 M values/s)
read 2000000 values from ./data/books_100M_public_uint64_ops_2M_0.000000rq_0.500000nl_0.000000i in 76 ms (26.3158 M values/s)
Data is unique.
Variable rsum was: 0
RESULT: LIPP,10205147,7987668,5489329index size,11825518832Throughput: ,334.987,334.559,326.605
Executing insert+lookup workload
Repeating lookup code 3 time(s).
Using 1 thread(s).
read 100000000 values from ./data/books_100M_public_uint64 in 1152 ms (86.8056 M values/s)
read 2000000 values from ./data/books_100M_public_uint64_ops_2M_0.000000rq_0.500000nl_0.500000i_0m in 49 ms (40.8163 M values/s)
read 99000000 values from ./data/books_100M_public_uint64_ops_2M_0.000000rq_0.500000nl_0.500000i_0m_bulkload in 2009 ms (49.2782 M values/s)
Data is unique.
Variable rsum was: 0
RESULT: LIPP,10127029,7966167,5510313index size,11785926480Throughput: ,2.66751,327.541,2.27615,331.932,2.30191,333.754
Executing insert+lookup mixed workload with insert-ratio 0.9
Repeating lookup code 3 time(s).
Using 1 thread(s).
read 100000000 values from ./data/books_100M_public_uint64 in 1266 ms (78.9889 M values/s)
read 2000000 values from ./data/books_100M_public_uint64_ops_2M_0.000000rq_0.500000nl_0.900000i_0m_mix in 77 ms (25.974 M values/s)
read 98200000 values from ./data/books_100M_public_uint64_ops_2M_0.000000rq_0.500000nl_0.900000i_0m_mix_bulkload in 2438 ms (40.2789 M values/s)
Data is unique.
Variable rsum was: 0
RESULT: LIPP,10197388,7839977,5489798index size,11753613200Throughput: ,2.94863,2.58685,2.64447
Executing insert+lookup mixed workload with insert-ratio 0.1
Repeating lookup code 3 time(s).
Using 1 thread(s).
read 100000000 values from ./data/books_100M_public_uint64 in 1223 ms (81.7661 M values/s)
read 2000000 values from ./data/books_100M_public_uint64_ops_2M_0.000000rq_0.500000nl_0.100000i_0m_mix in 82 ms (24.3902 M values/s)
read 99800000 values from ./data/books_100M_public_uint64_ops_2M_0.000000rq_0.500000nl_0.100000i_0m_mix_bulkload in 2641 ms (37.7887 M values/s)
Data is unique.
Variable rsum was: 0
RESULT: LIPP,10270592,7963911,5481598index size,11818525760Throughput: ,22.3613,20.9476,20.4186
Executing operations for books_100M_public_uint64 and index BTree
Executing lookup-only workload
Repeating lookup code 3 time(s).
Using 1 thread(s).
read 100000000 values from ./data/books_100M_public_uint64 in 1323 ms (75.5858 M values/s)
read 2000000 values from ./data/books_100M_public_uint64_ops_2M_0.000000rq_0.500000nl_0.000000i in 100 ms (20 M values/s)
Data is unique.
Variable rsum was: 0
RESULT: BTree,1852413,1838879,1827622index size,2125000432Throughput: ,1.08658,1.13937,1.14066Variant: ,LinearSearchVariant: ,6
Variable rsum was: 0
RESULT: BTree,1274699,1255606,1259722index size,1856251088Throughput: ,1.15752,1.17601,1.16937Variant: ,LinearSearchVariant: ,8
Variable rsum was: 0
RESULT: BTree,814612,807686,816719index size,1601106264Throughput: ,1.13409,1.14401,1.16Variant: ,InterpolationSearchVariant: ,16
Executing insert+lookup workload
Repeating lookup code 3 time(s).
Using 1 thread(s).
read 100000000 values from ./data/books_100M_public_uint64 in 1355 ms (73.8007 M values/s)
read 2000000 values from ./data/books_100M_public_uint64_ops_2M_0.000000rq_0.500000nl_0.500000i_0m in 169 ms (11.8343 M values/s)
read 99000000 values from ./data/books_100M_public_uint64_ops_2M_0.000000rq_0.500000nl_0.500000i_0m_bulkload in 2555 ms (38.7476 M values/s)
Data is unique.
Variable rsum was: 0
RESULT: BTree,983173,981785,982727index size,2441636976Throughput: ,0.528356,0.874551,0.531391,0.884552,0.514225,0.882448Variant: ,InterpolationSearchVariant: ,10
Variable rsum was: 0
RESULT: BTree,1413125,878774,737988index size,2197517688Throughput: ,0.747932,0.955377,0.693622,1.00448,0.762348,0.994931Variant: ,LinearSearchVariant: ,8
Variable rsum was: 0
RESULT: BTree,688285,684048,689747index size,3079164936Throughput: ,0.557462,1.02243,0.556455,1.00904,0.565986,1.03527Variant: ,InterpolationSearchVariant: ,12
Executing insert+lookup mixed workload with insert-ratio 0.9
Repeating lookup code 3 time(s).
Using 1 thread(s).
read 100000000 values from ./data/books_100M_public_uint64 in 1642 ms (60.9013 M values/s)
read 2000000 values from ./data/books_100M_public_uint64_ops_2M_0.000000rq_0.500000nl_0.900000i_0m_mix in 129 ms (15.5039 M values/s)
read 98200000 values from ./data/books_100M_public_uint64_ops_2M_0.000000rq_0.500000nl_0.900000i_0m_mix_bulkload in 2957 ms (33.2093 M values/s)
Data is unique.
Variable rsum was: 0
RESULT: BTree,1457982,1425520,1426932index size,2365596448Throughput: ,0.736151,0.770954,0.76207Variant: ,LinearSearchVariant: ,8
Variable rsum was: 0
RESULT: BTree,736048,724232,717682index size,2762897224Throughput: ,0.617474,0.637034,0.619797Variant: ,InterpolationSearchVariant: ,10
Variable rsum was: 0
RESULT: BTree,630863,628785,617308index size,3159460608Throughput: ,0.664601,0.644034,0.681955Variant: ,InterpolationSearchVariant: ,12
Executing insert+lookup mixed workload with insert-ratio 0.1
Repeating lookup code 3 time(s).
Using 1 thread(s).
read 100000000 values from ./data/books_100M_public_uint64 in 1471 ms (67.981 M values/s)
read 2000000 values from ./data/books_100M_public_uint64_ops_2M_0.000000rq_0.500000nl_0.100000i_0m_mix in 125 ms (16 M values/s)
read 99800000 values from ./data/books_100M_public_uint64_ops_2M_0.000000rq_0.500000nl_0.100000i_0m_mix_bulkload in 2670 ms (37.3783 M values/s)
Data is unique.
Variable rsum was: 0
RESULT: BTree,1445650,1431872,1275550index size,1956120768Throughput: ,1.0052,1.01249,1.02435Variant: ,LinearSearchVariant: ,8
Variable rsum was: 0
RESULT: BTree,553106,558336,547927index size,1881906544Throughput: ,0.818018,0.819254,0.828792Variant: ,InterpolationSearchVariant: ,10
Variable rsum was: 0
RESULT: BTree,435693,435093,433253index size,2263536584Throughput: ,0.873497,0.897328,0.900788Variant: ,InterpolationSearchVariant: ,12
Executing operations for books_100M_public_uint64 and index DynamicPGM
Executing lookup-only workload
Repeating lookup code 3 time(s).
Using 1 thread(s).
read 100000000 values from ./data/books_100M_public_uint64 in 1407 ms (71.0732 M values/s)
read 2000000 values from ./data/books_100M_public_uint64_ops_2M_0.000000rq_0.500000nl_0.000000i in 71 ms (28.169 M values/s)
Data is unique.
Variable rsum was: 0
RESULT: DynamicPGM,4749467,4747725,4738281index size,1719163668Throughput: ,1.72331,1.75145,1.73616Variant: ,BinarySearchVariant: ,16
Variable rsum was: 0
RESULT: DynamicPGM,4730379,4722950,4732110index size,1719163668Throughput: ,1.66755,1.66735,1.63584Variant: ,LinearSearchVariant: ,16
Variable rsum was: 0
RESULT: DynamicPGM,3541561,3526077,3527935index size,1703456888Throughput: ,1.68243,1.68061,1.67768Variant: ,BinarySearchVariant: ,32
Executing insert+lookup workload
Repeating lookup code 3 time(s).
Using 1 thread(s).
read 100000000 values from ./data/books_100M_public_uint64 in 1398 ms (71.5308 M values/s)
read 2000000 values from ./data/books_100M_public_uint64_ops_2M_0.000000rq_0.500000nl_0.500000i_0m in 80 ms (25 M values/s)
read 99000000 values from ./data/books_100M_public_uint64_ops_2M_0.000000rq_0.500000nl_0.500000i_0m_bulkload in 2487 ms (39.807 M values/s)
Data is unique.
Variable rsum was: 0
RESULT: DynamicPGM,2722689,2725842,2723378index size,1700010928Throughput: ,6.76688,0.459365,7.32396,0.473335,7.07302,0.469418Variant: ,InterpolationSearchVariant: ,256
Variable rsum was: 0
RESULT: DynamicPGM,2748743,2744713,2744752index size,1700049488Throughput: ,6.86164,0.430446,7.01595,0.449287,6.96742,0.450189Variant: ,InterpolationSearchVariant: ,128
Variable rsum was: 0
RESULT: DynamicPGM,2653244,2652917,2647015index size,1700003108Throughput: ,7.12402,0.472141,7.12479,0.470252,7.12076,0.469003Variant: ,InterpolationSearchVariant: ,512
Executing insert+lookup mixed workload with insert-ratio 0.9
Repeating lookup code 3 time(s).
Using 1 thread(s).
read 100000000 values from ./data/books_100M_public_uint64 in 1325 ms (75.4717 M values/s)
read 2000000 values from ./data/books_100M_public_uint64_ops_2M_0.000000rq_0.500000nl_0.900000i_0m_mix in 61 ms (32.7869 M values/s)
read 98200000 values from ./data/books_100M_public_uint64_ops_2M_0.000000rq_0.500000nl_0.900000i_0m_mix_bulkload in 2364 ms (41.5398 M values/s)
Data is unique.
Variable rsum was: 0
RESULT: DynamicPGM,3447162,3446372,3453764index size,1703241188Throughput: ,2.93062,2.99288,2.96216Variant: ,LinearSearchVariant: ,32
Variable rsum was: 0
RESULT: DynamicPGM,2746801,2756525,2753805index size,1700049408Throughput: ,2.8647,2.88169,2.90174Variant: ,InterpolationSearchVariant: ,128
Variable rsum was: 0
RESULT: DynamicPGM,2697025,2697045,2702764index size,1700011168Throughput: ,2.93784,2.94148,2.94267Variant: ,InterpolationSearchVariant: ,256
Executing insert+lookup mixed workload with insert-ratio 0.1
Repeating lookup code 3 time(s).
Using 1 thread(s).
read 100000000 values from ./data/books_100M_public_uint64 in 1353 ms (73.9098 M values/s)
read 2000000 values from ./data/books_100M_public_uint64_ops_2M_0.000000rq_0.500000nl_0.100000i_0m_mix in 117 ms (17.094 M values/s)
read 99800000 values from ./data/books_100M_public_uint64_ops_2M_0.000000rq_0.500000nl_0.100000i_0m_mix_bulkload in 2493 ms (40.0321 M values/s)
Data is unique.
Variable rsum was: 0
RESULT: DynamicPGM,3533146,3536493,3522446index size,1703429848Throughput: ,0.861497,0.813178,0.846969Variant: ,LinearSearchVariant: ,32
Variable rsum was: 0
RESULT: DynamicPGM,2777359,2771780,2772753index size,1700049908Throughput: ,0.907073,0.897047,0.910711Variant: ,InterpolationSearchVariant: ,128
Variable rsum was: 0
RESULT: DynamicPGM,2743791,2744599,2739711index size,1700010848Throughput: ,0.89745,0.89012,0.893087Variant: ,InterpolationSearchVariant: ,256
Executing operations for osmc_100M_public_uint64 and index LIPP
Executing lookup-only workload
Repeating lookup code 3 time(s).
Using 1 thread(s).
read 100000000 values from ./data/osmc_100M_public_uint64 in 1255 ms (79.6813 M values/s)
read 2000000 values from ./data/osmc_100M_public_uint64_ops_2M_0.000000rq_0.500000nl_0.000000i in 85 ms (23.5294 M values/s)
Data is unique.
Variable rsum was: 0
RESULT: LIPP,15195532,9727778,7312091index size,20628848672Throughput: ,334.077,327.274,332.378
Executing insert+lookup workload
Repeating lookup code 3 time(s).
Using 1 thread(s).
read 100000000 values from ./data/osmc_100M_public_uint64 in 1341 ms (74.5712 M values/s)
read 2000000 values from ./data/osmc_100M_public_uint64_ops_2M_0.000000rq_0.500000nl_0.500000i_0m in 108 ms (18.5185 M values/s)
read 99000000 values from ./data/osmc_100M_public_uint64_ops_2M_0.000000rq_0.500000nl_0.500000i_0m_bulkload in 2164 ms (45.7486 M values/s)
Data is unique.
Variable rsum was: 0
RESULT: LIPP,15007055,9615747,7277797index size,20507817984Throughput: ,1.55876,330.709,1.31997,333.363,1.38554,332.932
Executing insert+lookup mixed workload with insert-ratio 0.9
Repeating lookup code 3 time(s).
Using 1 thread(s).
read 100000000 values from ./data/osmc_100M_public_uint64 in 1369 ms (73.046 M values/s)
read 2000000 values from ./data/osmc_100M_public_uint64_ops_2M_0.000000rq_0.500000nl_0.900000i_0m_mix in 78 ms (25.641 M values/s)
read 98200000 values from ./data/osmc_100M_public_uint64_ops_2M_0.000000rq_0.500000nl_0.900000i_0m_mix_bulkload in 2347 ms (41.8406 M values/s)
Data is unique.
Variable rsum was: 0
RESULT: LIPP,14851204,9468549,7383968index size,20408967088Throughput: ,1.73898,1.46834,1.47636
Executing insert+lookup mixed workload with insert-ratio 0.1
Repeating lookup code 3 time(s).
Using 1 thread(s).
read 100000000 values from ./data/osmc_100M_public_uint64 in 1578 ms (63.3714 M values/s)
read 2000000 values from ./data/osmc_100M_public_uint64_ops_2M_0.000000rq_0.500000nl_0.100000i_0m_mix in 105 ms (19.0476 M values/s)
read 99800000 values from ./data/osmc_100M_public_uint64_ops_2M_0.000000rq_0.500000nl_0.100000i_0m_mix_bulkload in 2668 ms (37.4063 M values/s)
Data is unique.
Variable rsum was: 0
RESULT: LIPP,15190448,9738788,7387367index size,20602887232Throughput: ,12.9873,12.61,11.8705
Executing operations for osmc_100M_public_uint64 and index BTree
Executing lookup-only workload
Repeating lookup code 3 time(s).
Using 1 thread(s).
read 100000000 values from ./data/osmc_100M_public_uint64 in 1877 ms (53.2765 M values/s)
read 2000000 values from ./data/osmc_100M_public_uint64_ops_2M_0.000000rq_0.500000nl_0.000000i in 113 ms (17.6991 M values/s)
Data is unique.
Variable rsum was: 0
RESULT: BTree,1847059,1877970,1841927index size,2125000432Throughput: ,1.38778,1.42175,1.43787Variant: ,LinearSearchVariant: ,6
Variable rsum was: 0
RESULT: BTree,1275973,1294686,1282053index size,1856251088Throughput: ,1.39954,1.41242,1.38063Variant: ,LinearSearchVariant: ,8
Variable rsum was: 0
RESULT: BTree,854545,839685,843818index size,1600535632Throughput: ,1.12609,1.11472,1.14458Variant: ,BinarySearchVariant: ,18
Executing insert+lookup workload
Repeating lookup code 3 time(s).
Using 1 thread(s).
read 100000000 values from ./data/osmc_100M_public_uint64 in 2553 ms (39.1696 M values/s)
read 2000000 values from ./data/osmc_100M_public_uint64_ops_2M_0.000000rq_0.500000nl_0.500000i_0m in 120 ms (16.6667 M values/s)
read 99000000 values from ./data/osmc_100M_public_uint64_ops_2M_0.000000rq_0.500000nl_0.500000i_0m_bulkload in 3313 ms (29.8823 M values/s)
Data is unique.
Variable rsum was: 0
RESULT: BTree,1452953,1162231,1186436index size,2197517688Throughput: ,0.701347,1.26729,0.760085,1.31504,0.767655,1.32015Variant: ,LinearSearchVariant: ,8
Variable rsum was: 0
RESULT: BTree,948793,943114,951730index size,2379181072Throughput: ,0.712509,1.21615,0.709364,1.148,0.684062,1.16508Variant: ,LinearSearchVariant: ,6
Variable rsum was: 0
RESULT: BTree,574862,570395,564712index size,2441636976Throughput: ,0.610019,1.12866,0.630893,1.12493,0.606646,1.15826Variant: ,LinearAVXVariant: ,10
Executing insert+lookup mixed workload with insert-ratio 0.9
Repeating lookup code 3 time(s).
Using 1 thread(s).
read 100000000 values from ./data/osmc_100M_public_uint64 in 1824 ms (54.8246 M values/s)
read 2000000 values from ./data/osmc_100M_public_uint64_ops_2M_0.000000rq_0.500000nl_0.900000i_0m_mix in 128 ms (15.625 M values/s)
read 98200000 values from ./data/osmc_100M_public_uint64_ops_2M_0.000000rq_0.500000nl_0.900000i_0m_mix_bulkload in 3319 ms (29.5872 M values/s)
Data is unique.
Variable rsum was: 0
RESULT: BTree,1436462,1443414,1437041index size,2365596448Throughput: ,0.744572,0.735353,0.7466Variant: ,LinearSearchVariant: ,8
Variable rsum was: 0
RESULT: BTree,1438579,1438638,1445132index size,2513462456Throughput: ,0.757056,0.781397,0.750121Variant: ,LinearSearchVariant: ,6
Variable rsum was: 0
RESULT: BTree,745808,722980,758295index size,2762897224Throughput: ,0.64518,0.659085,0.653805Variant: ,LinearAVXVariant: ,10
Executing insert+lookup mixed workload with insert-ratio 0.1
Repeating lookup code 3 time(s).
Using 1 thread(s).
read 100000000 values from ./data/osmc_100M_public_uint64 in 1747 ms (57.241 M values/s)
read 2000000 values from ./data/osmc_100M_public_uint64_ops_2M_0.000000rq_0.500000nl_0.100000i_0m_mix in 154 ms (12.987 M values/s)
read 99800000 values from ./data/osmc_100M_public_uint64_ops_2M_0.000000rq_0.500000nl_0.100000i_0m_mix_bulkload in 3635 ms (27.4553 M values/s)
Data is unique.
Variable rsum was: 0
RESULT: BTree,1463263,1460646,1271994index size,1956120768Throughput: ,1.17262,1.23358,1.21337Variant: ,LinearSearchVariant: ,8
Variable rsum was: 0
RESULT: BTree,1131742,1141926,1141505index size,2197286800Throughput: ,1.22866,1.19974,1.21458Variant: ,LinearSearchVariant: ,6
Variable rsum was: 0
RESULT: BTree,564641,562140,569456index size,1881906544Throughput: ,1.0775,1.07187,1.09577Variant: ,LinearAVXVariant: ,10
Executing operations for osmc_100M_public_uint64 and index DynamicPGM
Executing lookup-only workload
Repeating lookup code 3 time(s).
Using 1 thread(s).
read 100000000 values from ./data/osmc_100M_public_uint64 in 2510 ms (39.8406 M values/s)
read 2000000 values from ./data/osmc_100M_public_uint64_ops_2M_0.000000rq_0.500000nl_0.000000i in 248 ms (8.06452 M values/s)
Data is unique.
Variable rsum was: 0
RESULT: DynamicPGM,5046792,5030714,5044756index size,1716194548Throughput: ,1.74083,1.74415,1.7358Variant: ,BinarySearchVariant: ,16
Variable rsum was: 0
RESULT: DynamicPGM,4724055,4717836,4715784index size,1707696288Throughput: ,1.65991,1.65789,1.65413Variant: ,BinarySearchVariant: ,32
Variable rsum was: 0
RESULT: DynamicPGM,5026106,5037023,5031617index size,1716194548Throughput: ,1.7066,1.68313,1.68468Variant: ,LinearSearchVariant: ,16
Executing insert+lookup workload
Repeating lookup code 3 time(s).
Using 1 thread(s).
read 100000000 values from ./data/osmc_100M_public_uint64 in 2688 ms (37.2024 M values/s)
read 2000000 values from ./data/osmc_100M_public_uint64_ops_2M_0.000000rq_0.500000nl_0.500000i_0m in 159 ms (12.5786 M values/s)
read 99000000 values from ./data/osmc_100M_public_uint64_ops_2M_0.000000rq_0.500000nl_0.500000i_0m_bulkload in 4429 ms (22.3527 M values/s)
Data is unique.
Variable rsum was: 0
RESULT: DynamicPGM,4234991,4230873,4218181index size,1700238628Throughput: ,6.08564,0.125392,6.36896,0.126956,6.2596,0.128335Variant: ,LinearSearchVariant: ,1024
Variable rsum was: 0
RESULT: DynamicPGM,4231757,4232348,4233402index size,1700238628Throughput: ,6.25842,0.396903,6.26762,0.413614,6.25389,0.404936Variant: ,BinarySearchVariant: ,1024
Variable rsum was: 0
RESULT: DynamicPGM,4244166,4239465,4239020index size,1700238628Throughput: ,6.31424,0.235085,6.32512,0.237996,6.31699,0.241645Variant: ,InterpolationSearchVariant: ,1024
Executing insert+lookup mixed workload with insert-ratio 0.9
Repeating lookup code 3 time(s).
Using 1 thread(s).
read 100000000 values from ./data/osmc_100M_public_uint64 in 2203 ms (45.3926 M values/s)
read 2000000 values from ./data/osmc_100M_public_uint64_ops_2M_0.000000rq_0.500000nl_0.900000i_0m_mix in 135 ms (14.8148 M values/s)
read 98200000 values from ./data/osmc_100M_public_uint64_ops_2M_0.000000rq_0.500000nl_0.900000i_0m_mix_bulkload in 3863 ms (25.4207 M values/s)
Data is unique.
Variable rsum was: 0
RESULT: DynamicPGM,4332449,4363651,4379852index size,1700923408Throughput: ,2.64582,2.7071,2.67477Variant: ,BinarySearchVariant: ,256
Variable rsum was: 0
RESULT: DynamicPGM,4497435,4496099,4497233index size,1703724028Throughput: ,2.79971,2.77502,2.77559Variant: ,BinarySearchVariant: ,64
Variable rsum was: 0
RESULT: DynamicPGM,4340656,4337658,4338032index size,1701839508Throughput: ,2.75632,2.7641,2.76644Variant: ,BinarySearchVariant: ,128
Executing insert+lookup mixed workload with insert-ratio 0.1
Repeating lookup code 3 time(s).
Using 1 thread(s).
read 100000000 values from ./data/osmc_100M_public_uint64 in 2470 ms (40.4858 M values/s)
read 2000000 values from ./data/osmc_100M_public_uint64_ops_2M_0.000000rq_0.500000nl_0.100000i_0m_mix in 173 ms (11.5607 M values/s)
read 99800000 values from ./data/osmc_100M_public_uint64_ops_2M_0.000000rq_0.500000nl_0.100000i_0m_mix_bulkload in 7474 ms (13.353 M values/s)
Data is unique.
Variable rsum was: 0
RESULT: DynamicPGM,4407987,4407261,4383149index size,1700920428Throughput: ,0.894711,0.906024,0.914503Variant: ,BinarySearchVariant: ,256
Variable rsum was: 0
RESULT: DynamicPGM,4568884,4588315,4591541index size,1703719788Throughput: ,0.939587,0.895725,0.941876Variant: ,BinarySearchVariant: ,64
Variable rsum was: 0
RESULT: DynamicPGM,4407941,4407417,4408062index size,1701834168Throughput: ,0.916426,0.926805,0.926328Variant: ,BinarySearchVariant: ,128
===================Benchmarking complete!====================
Header set for ./results/books_100M_public_uint64_ops_2M_0.000000rq_0.500000nl_0.000000i_results_table.csv
Header set for ./results/books_100M_public_uint64_ops_2M_0.000000rq_0.500000nl_0.100000i_0m_mix_results_table.csv
Header set for ./results/books_100M_public_uint64_ops_2M_0.000000rq_0.500000nl_0.500000i_0m_results_table.csv
Header set for ./results/books_100M_public_uint64_ops_2M_0.000000rq_0.500000nl_0.900000i_0m_mix_results_table.csv
Header set for ./results/fb_100M_public_uint64_ops_2M_0.000000rq_0.500000nl_0.000000i_results_table.csv
Header set for ./results/fb_100M_public_uint64_ops_2M_0.000000rq_0.500000nl_0.100000i_0m_mix_results_table.csv
Header set for ./results/fb_100M_public_uint64_ops_2M_0.000000rq_0.500000nl_0.500000i_0m_results_table.csv
Header set for ./results/fb_100M_public_uint64_ops_2M_0.000000rq_0.500000nl_0.900000i_0m_mix_results_table.csv
Header set for ./results/osmc_100M_public_uint64_ops_2M_0.000000rq_0.500000nl_0.000000i_results_table.csv
Header set for ./results/osmc_100M_public_uint64_ops_2M_0.000000rq_0.500000nl_0.100000i_0m_mix_results_table.csv
Header set for ./results/osmc_100M_public_uint64_ops_2M_0.000000rq_0.500000nl_0.500000i_0m_results_table.csv
Header set for ./results/osmc_100M_public_uint64_ops_2M_0.000000rq_0.500000nl_0.900000i_0m_mix_results_table.csv
=== Benchmark completed successfully ===
Check results in the 'results' directory.
